[2024-09-01T13:00:25.360+0000] {manager.py:483} INFO - Processing files using up to 2 processes at a time 
[2024-09-01T13:00:25.361+0000] {manager.py:484} INFO - Process each file at most once every 30 seconds
[2024-09-01T13:00:25.361+0000] {manager.py:485} INFO - Checking for new files in /opt/airflow/dags every 300 seconds
[2024-09-01T13:00:25.362+0000] {manager.py:821} INFO - Searching for files in /opt/airflow/dags
[2024-09-01T13:00:25.397+0000] {manager.py:824} INFO - There are 1 files in /opt/airflow/dags
[2024-09-01T13:00:25.464+0000] {manager.py:997} INFO - 
================================================================================
DAG File Processing Stats

File Path                    PID  Runtime      # DAGs    # Errors  Last Runtime    Last Run      Last # of DB Queries
-------------------------  -----  ---------  --------  ----------  --------------  ----------  ----------------------
/opt/airflow/dags/tuto.py    185  0.02s             0           0                                                   0
================================================================================
[2024-09-01T13:00:55.695+0000] {manager.py:997} INFO - 
================================================================================
DAG File Processing Stats

File Path                  PID    Runtime      # DAGs    # Errors  Last Runtime    Last Run               Last # of DB Queries
-------------------------  -----  ---------  --------  ----------  --------------  -------------------  ----------------------
/opt/airflow/dags/tuto.py                           1           0  0.60s           2024-09-01T13:00:26                      26
================================================================================
[2024-09-01T13:01:25.758+0000] {manager.py:997} INFO - 
================================================================================
DAG File Processing Stats

File Path                  PID    Runtime      # DAGs    # Errors  Last Runtime    Last Run               Last # of DB Queries
-------------------------  -----  ---------  --------  ----------  --------------  -------------------  ----------------------
/opt/airflow/dags/tuto.py                           1           0  0.21s           2024-09-01T13:00:56                      12
================================================================================
[2024-09-01T13:01:56.037+0000] {manager.py:997} INFO - 
================================================================================
DAG File Processing Stats

File Path                  PID    Runtime      # DAGs    # Errors  Last Runtime    Last Run               Last # of DB Queries
-------------------------  -----  ---------  --------  ----------  --------------  -------------------  ----------------------
/opt/airflow/dags/tuto.py                           1           0  0.20s           2024-09-01T13:01:26                      12
================================================================================
[2024-09-01T13:02:26.372+0000] {manager.py:997} INFO - 
================================================================================
DAG File Processing Stats

File Path                  PID    Runtime      # DAGs    # Errors  Last Runtime    Last Run               Last # of DB Queries
-------------------------  -----  ---------  --------  ----------  --------------  -------------------  ----------------------
/opt/airflow/dags/tuto.py                           1           0  0.18s           2024-09-01T13:01:57                      12
================================================================================
[2024-09-01T13:02:56.773+0000] {manager.py:997} INFO - 
================================================================================
DAG File Processing Stats

File Path                  PID    Runtime      # DAGs    # Errors  Last Runtime    Last Run               Last # of DB Queries
-------------------------  -----  ---------  --------  ----------  --------------  -------------------  ----------------------
/opt/airflow/dags/tuto.py                           1           0  0.18s           2024-09-01T13:02:27                      12
================================================================================
[2024-09-01T13:03:27.090+0000] {manager.py:997} INFO - 
================================================================================
DAG File Processing Stats

File Path                  PID    Runtime      # DAGs    # Errors  Last Runtime    Last Run               Last # of DB Queries
-------------------------  -----  ---------  --------  ----------  --------------  -------------------  ----------------------
/opt/airflow/dags/tuto.py                           1           0  0.20s           2024-09-01T13:02:58                      12
================================================================================
[2024-09-01T13:03:57.664+0000] {manager.py:997} INFO - 
================================================================================
DAG File Processing Stats

File Path                  PID    Runtime      # DAGs    # Errors  Last Runtime    Last Run               Last # of DB Queries
-------------------------  -----  ---------  --------  ----------  --------------  -------------------  ----------------------
/opt/airflow/dags/tuto.py                           1           0  0.24s           2024-09-01T13:03:28                      12
================================================================================
[2024-09-01T13:04:27.978+0000] {manager.py:997} INFO - 
================================================================================
DAG File Processing Stats

File Path                  PID    Runtime      # DAGs    # Errors  Last Runtime    Last Run               Last # of DB Queries
-------------------------  -----  ---------  --------  ----------  --------------  -------------------  ----------------------
/opt/airflow/dags/tuto.py                           1           0  0.21s           2024-09-01T13:03:58                      12
================================================================================
[2024-09-01T13:04:58.455+0000] {manager.py:997} INFO - 
================================================================================
DAG File Processing Stats

File Path                  PID    Runtime      # DAGs    # Errors  Last Runtime    Last Run               Last # of DB Queries
-------------------------  -----  ---------  --------  ----------  --------------  -------------------  ----------------------
/opt/airflow/dags/tuto.py                           1           0  0.19s           2024-09-01T13:04:29                      12
================================================================================
[2024-09-01T13:05:13.085+0000] {manager.py:465} INFO - Exiting gracefully upon receiving signal 15
