[2024-09-01T13:00:25.465+0000] {processor.py:186} INFO - Started process (PID=185) to work on /opt/airflow/dags/tuto.py
[2024-09-01T13:00:25.466+0000] {processor.py:914} INFO - Processing file /opt/airflow/dags/tuto.py for tasks to queue
[2024-09-01T13:00:25.467+0000] {logging_mixin.py:190} INFO - [2024-09-01T13:00:25.467+0000] {dagbag.py:587} INFO - Filling up the DagBag from /opt/airflow/dags/tuto.py
[2024-09-01T13:00:25.718+0000] {processor.py:925} INFO - DAG(s) 'tutorial' retrieved from /opt/airflow/dags/tuto.py
[2024-09-01T13:00:25.956+0000] {logging_mixin.py:190} INFO - [2024-09-01T13:00:25.955+0000] {override.py:1858} INFO - Created Permission View: can read on DAG:tutorial
[2024-09-01T13:00:25.967+0000] {logging_mixin.py:190} INFO - [2024-09-01T13:00:25.967+0000] {override.py:1858} INFO - Created Permission View: can delete on DAG:tutorial
[2024-09-01T13:00:25.977+0000] {logging_mixin.py:190} INFO - [2024-09-01T13:00:25.977+0000] {override.py:1858} INFO - Created Permission View: can edit on DAG:tutorial
[2024-09-01T13:00:25.978+0000] {logging_mixin.py:190} INFO - [2024-09-01T13:00:25.978+0000] {dag.py:3211} INFO - Sync 1 DAGs
[2024-09-01T13:00:25.991+0000] {logging_mixin.py:190} INFO - [2024-09-01T13:00:25.990+0000] {dag.py:3234} INFO - Creating ORM DAG for tutorial
[2024-09-01T13:00:26.000+0000] {logging_mixin.py:190} INFO - [2024-09-01T13:00:26.000+0000] {dag.py:4138} INFO - Setting next_dagrun for tutorial to 2024-05-01 00:00:00+00:00, run_after=2024-05-31 00:00:00+00:00
[2024-09-01T13:00:26.027+0000] {processor.py:208} INFO - Processing /opt/airflow/dags/tuto.py took 0.568 seconds
[2024-09-01T13:00:56.333+0000] {processor.py:186} INFO - Started process (PID=190) to work on /opt/airflow/dags/tuto.py
[2024-09-01T13:00:56.334+0000] {processor.py:914} INFO - Processing file /opt/airflow/dags/tuto.py for tasks to queue
[2024-09-01T13:00:56.336+0000] {logging_mixin.py:190} INFO - [2024-09-01T13:00:56.336+0000] {dagbag.py:587} INFO - Filling up the DagBag from /opt/airflow/dags/tuto.py
[2024-09-01T13:00:56.424+0000] {processor.py:925} INFO - DAG(s) 'tutorial' retrieved from /opt/airflow/dags/tuto.py
[2024-09-01T13:00:56.456+0000] {logging_mixin.py:190} INFO - [2024-09-01T13:00:56.455+0000] {dag.py:3211} INFO - Sync 1 DAGs
[2024-09-01T13:00:56.480+0000] {logging_mixin.py:190} INFO - [2024-09-01T13:00:56.480+0000] {dag.py:4138} INFO - Setting next_dagrun for tutorial to 2024-05-01 00:00:00+00:00, run_after=2024-05-31 00:00:00+00:00
[2024-09-01T13:00:56.512+0000] {processor.py:208} INFO - Processing /opt/airflow/dags/tuto.py took 0.184 seconds
[2024-09-01T13:01:26.637+0000] {processor.py:186} INFO - Started process (PID=195) to work on /opt/airflow/dags/tuto.py
[2024-09-01T13:01:26.638+0000] {processor.py:914} INFO - Processing file /opt/airflow/dags/tuto.py for tasks to queue
[2024-09-01T13:01:26.641+0000] {logging_mixin.py:190} INFO - [2024-09-01T13:01:26.641+0000] {dagbag.py:587} INFO - Filling up the DagBag from /opt/airflow/dags/tuto.py
[2024-09-01T13:01:26.711+0000] {processor.py:925} INFO - DAG(s) 'tutorial' retrieved from /opt/airflow/dags/tuto.py
[2024-09-01T13:01:26.744+0000] {logging_mixin.py:190} INFO - [2024-09-01T13:01:26.744+0000] {dag.py:3211} INFO - Sync 1 DAGs
[2024-09-01T13:01:26.766+0000] {logging_mixin.py:190} INFO - [2024-09-01T13:01:26.765+0000] {dag.py:4138} INFO - Setting next_dagrun for tutorial to 2024-05-01 00:00:00+00:00, run_after=2024-05-31 00:00:00+00:00
[2024-09-01T13:01:26.793+0000] {processor.py:208} INFO - Processing /opt/airflow/dags/tuto.py took 0.162 seconds
[2024-09-01T13:01:57.100+0000] {processor.py:186} INFO - Started process (PID=200) to work on /opt/airflow/dags/tuto.py
[2024-09-01T13:01:57.101+0000] {processor.py:914} INFO - Processing file /opt/airflow/dags/tuto.py for tasks to queue
[2024-09-01T13:01:57.103+0000] {logging_mixin.py:190} INFO - [2024-09-01T13:01:57.102+0000] {dagbag.py:587} INFO - Filling up the DagBag from /opt/airflow/dags/tuto.py
[2024-09-01T13:01:57.166+0000] {processor.py:925} INFO - DAG(s) 'tutorial' retrieved from /opt/airflow/dags/tuto.py
[2024-09-01T13:01:57.198+0000] {logging_mixin.py:190} INFO - [2024-09-01T13:01:57.198+0000] {dag.py:3211} INFO - Sync 1 DAGs
[2024-09-01T13:01:57.223+0000] {logging_mixin.py:190} INFO - [2024-09-01T13:01:57.222+0000] {dag.py:4138} INFO - Setting next_dagrun for tutorial to 2024-05-01 00:00:00+00:00, run_after=2024-05-31 00:00:00+00:00
[2024-09-01T13:01:57.244+0000] {processor.py:208} INFO - Processing /opt/airflow/dags/tuto.py took 0.150 seconds
[2024-09-01T13:02:27.424+0000] {processor.py:186} INFO - Started process (PID=205) to work on /opt/airflow/dags/tuto.py
[2024-09-01T13:02:27.425+0000] {processor.py:914} INFO - Processing file /opt/airflow/dags/tuto.py for tasks to queue
[2024-09-01T13:02:27.428+0000] {logging_mixin.py:190} INFO - [2024-09-01T13:02:27.427+0000] {dagbag.py:587} INFO - Filling up the DagBag from /opt/airflow/dags/tuto.py
[2024-09-01T13:02:27.495+0000] {processor.py:925} INFO - DAG(s) 'tutorial' retrieved from /opt/airflow/dags/tuto.py
[2024-09-01T13:02:27.526+0000] {logging_mixin.py:190} INFO - [2024-09-01T13:02:27.526+0000] {dag.py:3211} INFO - Sync 1 DAGs
[2024-09-01T13:02:27.550+0000] {logging_mixin.py:190} INFO - [2024-09-01T13:02:27.550+0000] {dag.py:4138} INFO - Setting next_dagrun for tutorial to 2024-05-01 00:00:00+00:00, run_after=2024-05-31 00:00:00+00:00
[2024-09-01T13:02:27.574+0000] {processor.py:208} INFO - Processing /opt/airflow/dags/tuto.py took 0.155 seconds
[2024-09-01T13:02:57.845+0000] {processor.py:186} INFO - Started process (PID=210) to work on /opt/airflow/dags/tuto.py
[2024-09-01T13:02:57.846+0000] {processor.py:914} INFO - Processing file /opt/airflow/dags/tuto.py for tasks to queue
[2024-09-01T13:02:57.848+0000] {logging_mixin.py:190} INFO - [2024-09-01T13:02:57.848+0000] {dagbag.py:587} INFO - Filling up the DagBag from /opt/airflow/dags/tuto.py
[2024-09-01T13:02:57.930+0000] {processor.py:925} INFO - DAG(s) 'tutorial' retrieved from /opt/airflow/dags/tuto.py
[2024-09-01T13:02:57.957+0000] {logging_mixin.py:190} INFO - [2024-09-01T13:02:57.957+0000] {dag.py:3211} INFO - Sync 1 DAGs
[2024-09-01T13:02:57.978+0000] {logging_mixin.py:190} INFO - [2024-09-01T13:02:57.978+0000] {dag.py:4138} INFO - Setting next_dagrun for tutorial to 2024-05-01 00:00:00+00:00, run_after=2024-05-31 00:00:00+00:00
[2024-09-01T13:02:58.001+0000] {processor.py:208} INFO - Processing /opt/airflow/dags/tuto.py took 0.160 seconds
[2024-09-01T13:03:28.155+0000] {processor.py:186} INFO - Started process (PID=215) to work on /opt/airflow/dags/tuto.py
[2024-09-01T13:03:28.156+0000] {processor.py:914} INFO - Processing file /opt/airflow/dags/tuto.py for tasks to queue
[2024-09-01T13:03:28.159+0000] {logging_mixin.py:190} INFO - [2024-09-01T13:03:28.158+0000] {dagbag.py:587} INFO - Filling up the DagBag from /opt/airflow/dags/tuto.py
[2024-09-01T13:03:28.248+0000] {processor.py:925} INFO - DAG(s) 'tutorial' retrieved from /opt/airflow/dags/tuto.py
[2024-09-01T13:03:28.285+0000] {logging_mixin.py:190} INFO - [2024-09-01T13:03:28.285+0000] {dag.py:3211} INFO - Sync 1 DAGs
[2024-09-01T13:03:28.313+0000] {logging_mixin.py:190} INFO - [2024-09-01T13:03:28.313+0000] {dag.py:4138} INFO - Setting next_dagrun for tutorial to 2024-05-01 00:00:00+00:00, run_after=2024-05-31 00:00:00+00:00
[2024-09-01T13:03:28.349+0000] {processor.py:208} INFO - Processing /opt/airflow/dags/tuto.py took 0.199 seconds
[2024-09-01T13:03:58.720+0000] {processor.py:186} INFO - Started process (PID=220) to work on /opt/airflow/dags/tuto.py
[2024-09-01T13:03:58.722+0000] {processor.py:914} INFO - Processing file /opt/airflow/dags/tuto.py for tasks to queue
[2024-09-01T13:03:58.725+0000] {logging_mixin.py:190} INFO - [2024-09-01T13:03:58.724+0000] {dagbag.py:587} INFO - Filling up the DagBag from /opt/airflow/dags/tuto.py
[2024-09-01T13:03:58.803+0000] {processor.py:925} INFO - DAG(s) 'tutorial' retrieved from /opt/airflow/dags/tuto.py
[2024-09-01T13:03:58.834+0000] {logging_mixin.py:190} INFO - [2024-09-01T13:03:58.834+0000] {dag.py:3211} INFO - Sync 1 DAGs
[2024-09-01T13:03:58.854+0000] {logging_mixin.py:190} INFO - [2024-09-01T13:03:58.854+0000] {dag.py:4138} INFO - Setting next_dagrun for tutorial to 2024-05-01 00:00:00+00:00, run_after=2024-05-31 00:00:00+00:00
[2024-09-01T13:03:58.886+0000] {processor.py:208} INFO - Processing /opt/airflow/dags/tuto.py took 0.171 seconds
[2024-09-01T13:04:29.019+0000] {processor.py:186} INFO - Started process (PID=225) to work on /opt/airflow/dags/tuto.py
[2024-09-01T13:04:29.020+0000] {processor.py:914} INFO - Processing file /opt/airflow/dags/tuto.py for tasks to queue
[2024-09-01T13:04:29.023+0000] {logging_mixin.py:190} INFO - [2024-09-01T13:04:29.022+0000] {dagbag.py:587} INFO - Filling up the DagBag from /opt/airflow/dags/tuto.py
[2024-09-01T13:04:29.084+0000] {processor.py:925} INFO - DAG(s) 'tutorial' retrieved from /opt/airflow/dags/tuto.py
[2024-09-01T13:04:29.117+0000] {logging_mixin.py:190} INFO - [2024-09-01T13:04:29.117+0000] {dag.py:3211} INFO - Sync 1 DAGs
[2024-09-01T13:04:29.139+0000] {logging_mixin.py:190} INFO - [2024-09-01T13:04:29.139+0000] {dag.py:4138} INFO - Setting next_dagrun for tutorial to 2024-05-01 00:00:00+00:00, run_after=2024-05-31 00:00:00+00:00
[2024-09-01T13:04:29.174+0000] {processor.py:208} INFO - Processing /opt/airflow/dags/tuto.py took 0.160 seconds
[2024-09-01T13:04:59.514+0000] {processor.py:186} INFO - Started process (PID=230) to work on /opt/airflow/dags/tuto.py
[2024-09-01T13:04:59.515+0000] {processor.py:914} INFO - Processing file /opt/airflow/dags/tuto.py for tasks to queue
[2024-09-01T13:04:59.517+0000] {logging_mixin.py:190} INFO - [2024-09-01T13:04:59.517+0000] {dagbag.py:587} INFO - Filling up the DagBag from /opt/airflow/dags/tuto.py
[2024-09-01T13:04:59.601+0000] {processor.py:925} INFO - DAG(s) 'tutorial' retrieved from /opt/airflow/dags/tuto.py
[2024-09-01T13:04:59.644+0000] {logging_mixin.py:190} INFO - [2024-09-01T13:04:59.644+0000] {dag.py:3211} INFO - Sync 1 DAGs
[2024-09-01T13:04:59.832+0000] {logging_mixin.py:190} INFO - [2024-09-01T13:04:59.832+0000] {dag.py:4138} INFO - Setting next_dagrun for tutorial to 2024-05-01 00:00:00+00:00, run_after=2024-05-31 00:00:00+00:00
[2024-09-01T13:04:59.854+0000] {processor.py:208} INFO - Processing /opt/airflow/dags/tuto.py took 0.345 seconds
